{"name":"Log","hostname":"vps-49115495","pid":1149803,"level":30,"version":"5.103.0","worker":{"resourceLimits":{"maxYoungGenerationSizeMb":22.5,"maxOldGenerationSizeMb":958,"codeRangeSizeMb":0,"stackSizeMb":4},"threadId":100},"msg":"Worker for job \"mentions-email-report\" online","time":"2025-01-18T00:11:27.438Z","v":0}
{"name":"Log","hostname":"vps-49115495","pid":1149803,"level":30,"version":"5.103.0","msg":"Worker for job mentions-email-report sent a message: done","time":"2025-01-18T00:11:27.443Z","v":0}
{"name":"Log","hostname":"vps-49115495","pid":1149803,"level":30,"version":"5.103.0","worker":{"resourceLimits":{"maxYoungGenerationSizeMb":22.5,"maxOldGenerationSizeMb":958,"codeRangeSizeMb":0,"stackSizeMb":4},"threadId":101},"msg":"Worker for job \"mentions-email-report\" online","time":"2025-01-18T01:11:27.440Z","v":0}
{"name":"Log","hostname":"vps-49115495","pid":1149803,"level":30,"version":"5.103.0","msg":"Worker for job mentions-email-report sent a message: done","time":"2025-01-18T01:11:27.446Z","v":0}
{"name":"Log","hostname":"vps-49115495","pid":1149803,"level":30,"version":"5.103.0","worker":{"resourceLimits":{"maxYoungGenerationSizeMb":22.5,"maxOldGenerationSizeMb":958,"codeRangeSizeMb":0,"stackSizeMb":4},"threadId":102},"msg":"Worker for job \"mentions-email-report\" online","time":"2025-01-18T02:11:27.440Z","v":0}
{"name":"Log","hostname":"vps-49115495","pid":1149803,"level":30,"version":"5.103.0","msg":"Worker for job mentions-email-report sent a message: done","time":"2025-01-18T02:11:27.444Z","v":0}
{"name":"Log","hostname":"vps-49115495","pid":1149803,"level":30,"version":"5.103.0","worker":{"resourceLimits":{"maxYoungGenerationSizeMb":22.5,"maxOldGenerationSizeMb":958,"codeRangeSizeMb":0,"stackSizeMb":4},"threadId":103},"msg":"Worker for job \"mentions-email-report\" online","time":"2025-01-18T03:11:27.442Z","v":0}
{"name":"Log","hostname":"vps-49115495","pid":1149803,"level":30,"version":"5.103.0","msg":"Worker for job mentions-email-report sent a message: done","time":"2025-01-18T03:11:27.446Z","v":0}
{"name":"Log","hostname":"vps-49115495","pid":1149803,"level":30,"version":"5.103.0","worker":{"resourceLimits":{"maxYoungGenerationSizeMb":22.5,"maxOldGenerationSizeMb":958,"codeRangeSizeMb":0,"stackSizeMb":4},"threadId":104},"msg":"Worker for job \"mentions-email-report\" online","time":"2025-01-18T04:11:27.445Z","v":0}
{"name":"Log","hostname":"vps-49115495","pid":1149803,"level":30,"version":"5.103.0","msg":"Worker for job mentions-email-report sent a message: done","time":"2025-01-18T04:11:27.449Z","v":0}
{"name":"Log","hostname":"vps-49115495","pid":1149803,"level":30,"version":"5.103.0","worker":{"resourceLimits":{"maxYoungGenerationSizeMb":22.5,"maxOldGenerationSizeMb":958,"codeRangeSizeMb":0,"stackSizeMb":4},"threadId":105},"msg":"Worker for job \"mentions-email-report\" online","time":"2025-01-18T05:11:27.449Z","v":0}
{"name":"Log","hostname":"vps-49115495","pid":1149803,"level":30,"version":"5.103.0","msg":"Worker for job mentions-email-report sent a message: done","time":"2025-01-18T05:11:27.454Z","v":0}
{"name":"Log","hostname":"vps-49115495","pid":1149803,"level":30,"version":"5.103.0","worker":{"resourceLimits":{"maxYoungGenerationSizeMb":22.5,"maxOldGenerationSizeMb":958,"codeRangeSizeMb":0,"stackSizeMb":4},"threadId":106},"msg":"Worker for job \"clean-expired-comped\" online","time":"2025-01-18T05:51:27.052Z","v":0}
{"name":"Log","hostname":"vps-49115495","pid":1149803,"level":30,"version":"5.103.0","msg":"Worker for job clean-expired-comped sent a message: Removed 0 expired subscriptions, updated 0 members in 473ms","time":"2025-01-18T05:51:27.572Z","v":0}
{"name":"Log","hostname":"vps-49115495","pid":1149803,"level":30,"version":"5.103.0","msg":"Worker for job clean-expired-comped sent a message: done","time":"2025-01-18T05:51:27.573Z","v":0}
{"name":"Log","hostname":"vps-49115495","pid":1149803,"level":30,"version":"5.103.0","worker":{"resourceLimits":{"maxYoungGenerationSizeMb":22.5,"maxOldGenerationSizeMb":958,"codeRangeSizeMb":0,"stackSizeMb":4},"threadId":107},"msg":"Worker for job \"mentions-email-report\" online","time":"2025-01-18T06:11:27.462Z","v":0}
{"name":"Log","hostname":"vps-49115495","pid":1149803,"level":30,"version":"5.103.0","msg":"Worker for job mentions-email-report sent a message: done","time":"2025-01-18T06:11:27.468Z","v":0}
{"name":"Log","hostname":"vps-49115495","pid":1149803,"level":30,"version":"5.103.0","worker":{"resourceLimits":{"maxYoungGenerationSizeMb":22.5,"maxOldGenerationSizeMb":958,"codeRangeSizeMb":0,"stackSizeMb":4},"threadId":108},"msg":"Worker for job \"mentions-email-report\" online","time":"2025-01-18T07:11:27.457Z","v":0}
{"name":"Log","hostname":"vps-49115495","pid":1149803,"level":30,"version":"5.103.0","msg":"Worker for job mentions-email-report sent a message: done","time":"2025-01-18T07:11:27.466Z","v":0}
{"name":"Log","hostname":"vps-49115495","pid":1149803,"level":30,"version":"5.103.0","worker":{"resourceLimits":{"maxYoungGenerationSizeMb":22.5,"maxOldGenerationSizeMb":958,"codeRangeSizeMb":0,"stackSizeMb":4},"threadId":109},"msg":"Worker for job \"mentions-email-report\" online","time":"2025-01-18T08:11:27.454Z","v":0}
{"name":"Log","hostname":"vps-49115495","pid":1149803,"level":30,"version":"5.103.0","msg":"Worker for job mentions-email-report sent a message: done","time":"2025-01-18T08:11:27.458Z","v":0}
{"name":"Log","hostname":"vps-49115495","pid":1149803,"level":30,"version":"5.103.0","worker":{"resourceLimits":{"maxYoungGenerationSizeMb":22.5,"maxOldGenerationSizeMb":958,"codeRangeSizeMb":0,"stackSizeMb":4},"threadId":110},"msg":"Worker for job \"mentions-email-report\" online","time":"2025-01-18T09:11:27.508Z","v":0}
{"name":"Log","hostname":"vps-49115495","pid":1149803,"level":30,"version":"5.103.0","msg":"Worker for job mentions-email-report sent a message: done","time":"2025-01-18T09:11:27.515Z","v":0}
{"name":"Log","hostname":"vps-49115495","pid":1149803,"level":30,"version":"5.103.0","worker":{"resourceLimits":{"maxYoungGenerationSizeMb":22.5,"maxOldGenerationSizeMb":958,"codeRangeSizeMb":0,"stackSizeMb":4},"threadId":111},"msg":"Worker for job \"mentions-email-report\" online","time":"2025-01-18T10:11:27.503Z","v":0}
{"name":"Log","hostname":"vps-49115495","pid":1149803,"level":30,"version":"5.103.0","msg":"Worker for job mentions-email-report sent a message: done","time":"2025-01-18T10:11:27.511Z","v":0}
{"name":"Log","hostname":"vps-49115495","pid":1149803,"level":40,"version":"5.103.0","msg":"Ghost is shutting down","time":"2025-01-18T10:15:53.667Z","v":0}
{"name":"Log","hostname":"vps-49115495","pid":1149803,"level":40,"version":"5.103.0","msg":"Ghost has shut down","time":"2025-01-18T10:15:53.670Z","v":0}
{"name":"Log","hostname":"vps-49115495","pid":1149803,"level":40,"version":"5.103.0","msg":"Your site is now offline","time":"2025-01-18T10:15:53.670Z","v":0}
{"name":"Log","hostname":"vps-49115495","pid":1149803,"level":40,"version":"5.103.0","msg":"Ghost was running for 4 days","time":"2025-01-18T10:15:53.671Z","v":0}
{"name":"Log","hostname":"vps-49115495","pid":1243289,"level":30,"version":"5.103.0","msg":"Ghost is running in production...","time":"2025-01-18T10:15:55.194Z","v":0}
{"name":"Log","hostname":"vps-49115495","pid":1243289,"level":30,"version":"5.103.0","msg":"Your site is now available on https://tulashvili.com/","time":"2025-01-18T10:15:55.195Z","v":0}
{"name":"Log","hostname":"vps-49115495","pid":1243289,"level":30,"version":"5.103.0","msg":"Ctrl+C to shut down","time":"2025-01-18T10:15:55.195Z","v":0}
{"name":"Log","hostname":"vps-49115495","pid":1243289,"level":30,"version":"5.103.0","msg":"Ghost server started in 0.739s","time":"2025-01-18T10:15:55.197Z","v":0}
{"name":"Log","hostname":"vps-49115495","pid":1243289,"level":30,"version":"5.103.0","msg":"Database is in a ready state.","time":"2025-01-18T10:15:55.437Z","v":0}
{"name":"Log","hostname":"vps-49115495","pid":1243289,"level":30,"version":"5.103.0","msg":"Ghost database ready in 0.983s","time":"2025-01-18T10:15:55.442Z","v":0}
{"name":"Log","hostname":"vps-49115495","pid":1243289,"level":40,"version":"5.103.0","msg":"Missing mail.from config, falling back to a generated email address. Please update your config file and set a valid from address","time":"2025-01-18T10:15:55.751Z","v":0}
{"name":"Log","hostname":"vps-49115495","pid":1243289,"level":40,"version":"5.103.0","msg":"Theme translations file locales/ru.json not found.","time":"2025-01-18T10:15:56.498Z","v":0}
{"name":"Log","hostname":"vps-49115495","pid":1243289,"level":40,"version":"5.103.0","msg":"Theme translations falling back to locales/en.json.","time":"2025-01-18T10:15:56.498Z","v":0}
{"name":"Log","hostname":"vps-49115495","pid":1243289,"level":30,"version":"5.103.0","msg":"Invalidating assets for regeneration","time":"2025-01-18T10:15:56.522Z","v":0}
{"name":"Log","hostname":"vps-49115495","pid":1243289,"level":30,"version":"5.103.0","msg":"Adding offloaded job to the inline job queue","time":"2025-01-18T10:15:57.308Z","v":0}
{"name":"Log","hostname":"vps-49115495","pid":1243289,"level":30,"version":"5.103.0","msg":"Scheduling job mentions-email-report at 13 50 * * * *. Next run on: Sat Jan 18 2025 10:50:13 GMT+0000 (Coordinated Universal Time)","time":"2025-01-18T10:15:57.320Z","v":0}
{"name":"Log","hostname":"vps-49115495","pid":1243289,"level":30,"version":"5.103.0","msg":"Adding offloaded job to the inline job queue","time":"2025-01-18T10:15:57.529Z","v":0}
{"name":"Log","hostname":"vps-49115495","pid":1243289,"level":30,"version":"5.103.0","msg":"Scheduling job clean-expired-comped at 49 41 5 * * *. Next run on: Sun Jan 19 2025 05:41:49 GMT+0000 (Coordinated Universal Time)","time":"2025-01-18T10:15:57.533Z","v":0}
{"name":"Log","hostname":"vps-49115495","pid":1243289,"level":30,"version":"5.103.0","msg":"Adding offloaded job to the inline job queue","time":"2025-01-18T10:15:57.539Z","v":0}
{"name":"Log","hostname":"vps-49115495","pid":1243289,"level":30,"version":"5.103.0","msg":"Scheduling job clean-tokens at 17 56 19 * * *. Next run on: Sat Jan 18 2025 19:56:17 GMT+0000 (Coordinated Universal Time)","time":"2025-01-18T10:15:57.546Z","v":0}
{"name":"Log","hostname":"vps-49115495","pid":1243289,"level":30,"version":"5.103.0","msg":"Ghost booted in 3.148s","time":"2025-01-18T10:15:57.606Z","v":0}
{"name":"Log","hostname":"vps-49115495","pid":1243289,"level":30,"version":"5.103.0","msg":"Adding offloaded job to the inline job queue","time":"2025-01-18T10:15:57.631Z","v":0}
{"name":"Log","hostname":"vps-49115495","pid":1243289,"level":30,"version":"5.103.0","msg":"Scheduling job update-check at 48 54 17 * * *. Next run on: Sat Jan 18 2025 17:54:48 GMT+0000 (Coordinated Universal Time)","time":"2025-01-18T10:15:57.634Z","v":0}
{"name":"Log","hostname":"vps-49115495","pid":1243289,"level":30,"version":"5.103.0","msg":"Running milestone emails job on Tue Jan 21 2025 10:15:57 GMT+0000 (Coordinated Universal Time)","time":"2025-01-18T10:15:57.642Z","v":0}
{"name":"Log","hostname":"vps-49115495","pid":1243289,"level":30,"version":"5.103.0","msg":"Ghost URL Service Ready in 3.463s","time":"2025-01-18T10:15:57.921Z","v":0}
{"name":"Log","hostname":"vps-49115495","pid":1243289,"level":30,"version":"5.103.0","msg":"Updating incoming recommendations on boot","time":"2025-01-18T10:20:08.522Z","v":0}
{"name":"Log","hostname":"vps-49115495","pid":1243289,"level":40,"version":"5.103.0","msg":"Ghost is shutting down","time":"2025-01-18T10:20:24.338Z","v":0}
{"name":"Log","hostname":"vps-49115495","pid":1243289,"level":40,"version":"5.103.0","msg":"Ghost has shut down","time":"2025-01-18T10:20:24.341Z","v":0}
{"name":"Log","hostname":"vps-49115495","pid":1243289,"level":40,"version":"5.103.0","msg":"Your site is now offline","time":"2025-01-18T10:20:24.342Z","v":0}
{"name":"Log","hostname":"vps-49115495","pid":1243289,"level":40,"version":"5.103.0","msg":"Ghost was running for 4 minutes","time":"2025-01-18T10:20:24.342Z","v":0}
{"name":"Log","hostname":"vps-49115495","pid":1243973,"level":30,"version":"5.103.0","msg":"Ghost is running in production...","time":"2025-01-18T10:20:25.881Z","v":0}
{"name":"Log","hostname":"vps-49115495","pid":1243973,"level":30,"version":"5.103.0","msg":"Your site is now available on https://tulashvili.com/","time":"2025-01-18T10:20:25.882Z","v":0}
{"name":"Log","hostname":"vps-49115495","pid":1243973,"level":30,"version":"5.103.0","msg":"Ctrl+C to shut down","time":"2025-01-18T10:20:25.883Z","v":0}
{"name":"Log","hostname":"vps-49115495","pid":1243973,"level":30,"version":"5.103.0","msg":"Ghost server started in 0.772s","time":"2025-01-18T10:20:25.885Z","v":0}
{"name":"Log","hostname":"vps-49115495","pid":1243973,"level":30,"version":"5.103.0","msg":"Database is in a ready state.","time":"2025-01-18T10:20:26.088Z","v":0}
{"name":"Log","hostname":"vps-49115495","pid":1243973,"level":30,"version":"5.103.0","msg":"Ghost database ready in 0.98s","time":"2025-01-18T10:20:26.093Z","v":0}
{"name":"Log","hostname":"vps-49115495","pid":1243973,"level":40,"version":"5.103.0","msg":"Missing mail.from config, falling back to a generated email address. Please update your config file and set a valid from address","time":"2025-01-18T10:20:26.398Z","v":0}
{"name":"Log","hostname":"vps-49115495","pid":1243973,"level":40,"version":"5.103.0","msg":"Theme translations file locales/ru.json not found.","time":"2025-01-18T10:20:27.104Z","v":0}
{"name":"Log","hostname":"vps-49115495","pid":1243973,"level":40,"version":"5.103.0","msg":"Theme translations falling back to locales/en.json.","time":"2025-01-18T10:20:27.105Z","v":0}
{"name":"Log","hostname":"vps-49115495","pid":1243973,"level":30,"version":"5.103.0","msg":"Invalidating assets for regeneration","time":"2025-01-18T10:20:27.124Z","v":0}
{"name":"Log","hostname":"vps-49115495","pid":1243973,"level":30,"version":"5.103.0","msg":"Adding offloaded job to the inline job queue","time":"2025-01-18T10:20:27.808Z","v":0}
{"name":"Log","hostname":"vps-49115495","pid":1243973,"level":30,"version":"5.103.0","msg":"Scheduling job mentions-email-report at 9 45 * * * *. Next run on: Sat Jan 18 2025 10:45:09 GMT+0000 (Coordinated Universal Time)","time":"2025-01-18T10:20:27.818Z","v":0}
{"name":"Log","hostname":"vps-49115495","pid":1243973,"level":30,"version":"5.103.0","msg":"Adding offloaded job to the inline job queue","time":"2025-01-18T10:20:28.009Z","v":0}
{"name":"Log","hostname":"vps-49115495","pid":1243973,"level":30,"version":"5.103.0","msg":"Scheduling job clean-expired-comped at 56 40 3 * * *. Next run on: Sun Jan 19 2025 03:40:56 GMT+0000 (Coordinated Universal Time)","time":"2025-01-18T10:20:28.014Z","v":0}
{"name":"Log","hostname":"vps-49115495","pid":1243973,"level":30,"version":"5.103.0","msg":"Adding offloaded job to the inline job queue","time":"2025-01-18T10:20:28.021Z","v":0}
{"name":"Log","hostname":"vps-49115495","pid":1243973,"level":30,"version":"5.103.0","msg":"Scheduling job clean-tokens at 34 27 20 * * *. Next run on: Sat Jan 18 2025 20:27:34 GMT+0000 (Coordinated Universal Time)","time":"2025-01-18T10:20:28.029Z","v":0}
{"name":"Log","hostname":"vps-49115495","pid":1243973,"level":30,"version":"5.103.0","msg":"Ghost booted in 2.974s","time":"2025-01-18T10:20:28.087Z","v":0}
{"name":"Log","hostname":"vps-49115495","pid":1243973,"level":30,"version":"5.103.0","msg":"Adding offloaded job to the inline job queue","time":"2025-01-18T10:20:28.113Z","v":0}
{"name":"Log","hostname":"vps-49115495","pid":1243973,"level":30,"version":"5.103.0","msg":"Scheduling job update-check at 39 36 22 * * *. Next run on: Sat Jan 18 2025 22:36:39 GMT+0000 (Coordinated Universal Time)","time":"2025-01-18T10:20:28.116Z","v":0}
{"name":"Log","hostname":"vps-49115495","pid":1243973,"level":30,"version":"5.103.0","msg":"Running milestone emails job on Sat Jan 18 2025 10:20:28 GMT+0000 (Coordinated Universal Time)","time":"2025-01-18T10:20:28.125Z","v":0}
{"name":"Log","hostname":"vps-49115495","pid":1243973,"level":30,"version":"5.103.0","msg":"Ghost URL Service Ready in 3.342s","time":"2025-01-18T10:20:28.455Z","v":0}
{"name":"Log","hostname":"vps-49115495","pid":1243973,"level":30,"version":"5.103.0","msg":"[Recommendations] Updating recommendations metadata","time":"2025-01-18T10:23:20.833Z","v":0}
{"name":"Log","hostname":"vps-49115495","pid":1243973,"level":30,"version":"5.103.0","msg":"Updating incoming recommendations on boot","time":"2025-01-18T10:24:30.555Z","v":0}
